Crashlog created at 2019-06-20 12:09:41 -0400

===== MESSAGE:

[1m[31mErrno::ENOENT: No such file or directory @ rb_sysopen - plan2.yaml[0m

===== BACKTRACE:

/home/ahameed/.rvm/gems/ruby-2.6.3/gems/3scale_toolbox-0.10.0/lib/3scale_toolbox/resource_reader.rb:31:in `read'
/home/ahameed/.rvm/gems/ruby-2.6.3/gems/3scale_toolbox-0.10.0/lib/3scale_toolbox/resource_reader.rb:31:in `read_file'
/home/ahameed/.rvm/gems/ruby-2.6.3/gems/3scale_toolbox-0.10.0/lib/3scale_toolbox/resource_reader.rb:26:in `call'
/home/ahameed/.rvm/gems/ruby-2.6.3/gems/3scale_toolbox-0.10.0/lib/3scale_toolbox/resource_reader.rb:26:in `read_content'
/home/ahameed/.rvm/gems/ruby-2.6.3/gems/3scale_toolbox-0.10.0/lib/3scale_toolbox/resource_reader.rb:9:in `load_resource'
/home/ahameed/.rvm/gems/ruby-2.6.3/gems/3scale_toolbox-0.10.0/lib/3scale_toolbox/commands/plans_command/import_command.rb:52:in `create_context'
/home/ahameed/.rvm/gems/ruby-2.6.3/gems/3scale_toolbox-0.10.0/lib/3scale_toolbox/commands/plans_command/import_command.rb:47:in `context'
/home/ahameed/.rvm/gems/ruby-2.6.3/gems/3scale_toolbox-0.10.0/lib/3scale_toolbox/commands/plans_command/import_command.rb:34:in `run'
/home/ahameed/.rvm/gems/ruby-2.6.3/gems/cri-2.15.9/lib/cri/command_runner.rb:34:in `call'
/home/ahameed/.rvm/gems/ruby-2.6.3/gems/cri-2.15.9/lib/cri/command_dsl.rb:303:in `block in runner'
/home/ahameed/.rvm/gems/ruby-2.6.3/gems/cri-2.15.9/lib/cri/command.rb:360:in `run_this'
/home/ahameed/.rvm/gems/ruby-2.6.3/gems/cri-2.15.9/lib/cri/command.rb:296:in `run'
/home/ahameed/.rvm/gems/ruby-2.6.3/gems/cri-2.15.9/lib/cri/command.rb:314:in `run'
/home/ahameed/.rvm/gems/ruby-2.6.3/gems/cri-2.15.9/lib/cri/command.rb:314:in `run'
/home/ahameed/.rvm/gems/ruby-2.6.3/gems/3scale_toolbox-0.10.0/lib/3scale_toolbox/cli.rb:43:in `block in run'
/home/ahameed/.rvm/gems/ruby-2.6.3/gems/3scale_toolbox-0.10.0/lib/3scale_toolbox/cli/error_handler.rb:5:in `block in error_watchdog'
/home/ahameed/.rvm/gems/ruby-2.6.3/gems/3scale_toolbox-0.10.0/lib/3scale_toolbox/cli/error_handler.rb:11:in `error_watchdog'
/home/ahameed/.rvm/gems/ruby-2.6.3/gems/3scale_toolbox-0.10.0/lib/3scale_toolbox/cli/error_handler.rb:5:in `error_watchdog'
/home/ahameed/.rvm/gems/ruby-2.6.3/gems/3scale_toolbox-0.10.0/lib/3scale_toolbox/cli.rb:40:in `run'
/home/ahameed/.rvm/gems/ruby-2.6.3/gems/3scale_toolbox-0.10.0/exe/3scale:15:in `<top (required)>'
/opt/3scale-toolbox/bin/3scale:23:in `load'
/opt/3scale-toolbox/bin/3scale:23:in `<main>'

===== VERSION INFORMATION:

0.10.0

===== SYSTEM INFORMATION:

{"sysname":"Linux","nodename":"ahameed.remote.csb","release":"3.10.0-891.el7.x86_64","version":"#1 SMP Mon May 21 14:10:11 EDT 2018","machine":"x86_64"}

===== INSTALLED GEMS:

  3scale-api 0.4.0
  3scale_toolbox 0.10.0
  actioncable 5.2.3
  actionmailer 5.2.3
  actionpack 5.2.3
  actionview 5.2.3
  activejob 5.2.3
  activemodel 5.2.3
  activerecord 5.2.3
  activestorage 5.2.3
  activesupport 5.2.3
  addressable 2.6.0
  arel 9.0.0
  bigdecimal 1.3.4
  builder 3.2.3
  bundler-unload 1.0.2
  cmath 1.0.0
  concurrent-ruby 1.1.5
  crass 1.0.4
  cri 2.15.9
  csv 1.0.0
  date 1.0.0
  did_you_mean 1.3.0
  erubi 1.8.0
  etc 1.0.0
  executable-hooks 1.6.0
  fcntl 1.0.0
  fiddle 1.0.0
  fileutils 1.0.2
  gem-wrappers 1.4.0
  globalid 0.4.2
  i18n 1.6.0
  io-console 0.4.6
  ipaddr 1.2.0
  json 2.1.0
  json-schema 2.8.1
  loofah 2.2.3
  mail 2.7.1
  marcel 0.3.3
  method_source 0.9.2
  mimemagic 0.3.3
  mini_mime 1.0.1
  mini_portile2 2.4.0
  minitest 5.11.3
  net-telnet 0.2.0
  nio4r 2.3.1
  nokogiri 1.10.3
  openssl 2.1.2
  power_assert 1.1.3
  psych 3.0.2
  public_suffix 3.1.0
  rack 2.0.7
  rack-test 1.1.0
  rails 5.2.3
  rails-dom-testing 2.0.3
  rails-html-sanitizer 1.0.4
  railties 5.2.3
  rake 12.3.2
  rdoc 6.0.1
  rubygems-bundler 1.4.5
  rvm 1.11.3.9
  scanf 1.0.0
  sdbm 1.0.0
  sprockets 3.7.2
  sprockets-rails 3.2.1
  stringio 0.0.1
  strscan 1.0.0
  test-unit 3.2.9
  thor 0.20.3
  thread_safe 0.3.6
  tzinfo 1.2.5
  webrick 1.4.2
  websocket-driver 0.7.1
  websocket-extensions 0.1.4
  xmlrpc 0.3.0
  zlib 1.0.0

===== LOAD PATHS:

  0. /home/ahameed/.rvm/gems/ruby-2.6.3@global/gems/did_you_mean-1.3.0/lib
  1. /home/ahameed/.rvm/gems/ruby-2.6.3/gems/3scale-api-0.4.0/lib
  2. /home/ahameed/.rvm/gems/ruby-2.6.3/gems/cri-2.15.9/lib
  3. /home/ahameed/.rvm/gems/ruby-2.6.3/gems/public_suffix-3.1.0/lib
  4. /home/ahameed/.rvm/gems/ruby-2.6.3/gems/addressable-2.6.0/lib
  5. /home/ahameed/.rvm/gems/ruby-2.6.3/gems/json-schema-2.8.1/lib
  6. /home/ahameed/.rvm/gems/ruby-2.6.3/gems/3scale_toolbox-0.10.0/lib
  7. /opt/3scale-toolbox/embedded/lib/ruby/site_ruby/2.5.0
  8. /opt/3scale-toolbox/embedded/lib/ruby/site_ruby/2.5.0/x86_64-linux
  9. /opt/3scale-toolbox/embedded/lib/ruby/site_ruby
  10. /opt/3scale-toolbox/embedded/lib/ruby/vendor_ruby/2.5.0
  11. /opt/3scale-toolbox/embedded/lib/ruby/vendor_ruby/2.5.0/x86_64-linux
  12. /opt/3scale-toolbox/embedded/lib/ruby/vendor_ruby
  13. /opt/3scale-toolbox/embedded/lib/ruby/2.5.0
  14. /opt/3scale-toolbox/embedded/lib/ruby/2.5.0/x86_64-linux
